<testsuites id="" name="" tests="205" failures="118" skipped="2" errors="0" time="132.423712">
<testsuite name="accessibility-authenticated.spec.ts" timestamp="2025-10-18T00:30:08.975Z" hostname="chromium" tests="11" failures="9" skipped="0" time="149.106" errors="0">
<testcase name="Authenticated Accessibility Tests › Dashboard Pages › main dashboard should not have accessibility violations" classname="accessibility-authenticated.spec.ts" time="13.094">
<failure message="accessibility-authenticated.spec.ts:19:9 main dashboard should not have accessibility violations" type="FAILURE">
<![CDATA[  [chromium] › accessibility-authenticated.spec.ts:19:9 › Authenticated Accessibility Tests › Dashboard Pages › main dashboard should not have accessibility violations 

    Error: expect(received).toEqual(expected) // deep equality

    - Expected  -   1
    + Received  + 126

    - Array []
    + Array [
    +   Object {
    +     "description": "Ensure the contrast between foreground and background colors meets WCAG 2 AA minimum contrast ratio thresholds",
    +     "help": "Elements must meet minimum color contrast ratio thresholds",
    +     "helpUrl": "https://dequeuniversity.com/rules/axe/4.10/color-contrast?application=playwright",
    +     "id": "color-contrast",
    +     "impact": "serious",
    +     "nodes": Array [
    +       Object {
    +         "all": Array [],
    +         "any": Array [
    +           Object {
    +             "data": Object {
    +               "bgColor": "#eaedf0",
    +               "contrastRatio": 2.82,
    +               "expectedContrastRatio": "4.5:1",
    +               "fgColor": "#7890a5",
    +               "fontSize": "10.5pt (14px)",
    +               "fontWeight": "normal",
    +               "messageKey": null,
    +             },
    +             "id": "color-contrast",
    +             "impact": "serious",
    +             "message": "Element has insufficient color contrast of 2.82 (foreground color: #7890a5, background color: #eaedf0, font size: 10.5pt (14px), font weight: normal). Expected contrast ratio of 4.5:1",
    +             "relatedNodes": Array [
    +               Object {
    +                 "html": "<div role=\"tablist\" aria-orientation=\"horizontal\" class=\"inline-flex h-10 items-center justify-center rounded-md bg-muted p-1 text-muted-foreground\" tabindex=\"0\" data-orientation=\"horizontal\" style=\"outline:none\">",
    +                 "target": Array [
    +                   ".bg-muted",
    +                 ],
    +               },
    +             ],
    +           },
    +         ],
    +         "failureSummary": "Fix any of the following:
    +   Element has insufficient color contrast of 2.82 (foreground color: #7890a5, background color: #eaedf0, font size: 10.5pt (14px), font weight: normal). Expected contrast ratio of 4.5:1",
    +         "html": "<button type=\"button\" role=\"tab\" aria-selected=\"false\" aria-controls=\"radix-:R139uul7qj6:-content-insights\" data-state=\"inactive\" id=\"radix-:R139uul7qj6:-trigger-insights\" class=\"inline-flex items-center justify-center whitespace-nowrap rounded-sm px-3 py-1.5 text-sm font-medium ring-offset-background transition-all focus-visible:outline-none focus-visible:ring-2 focus-visible:ring-ring focus-visible:ring-offset-2 disabled:pointer-events-none disabled:opacity-50 data-[state=active]:bg-background data-[state=active]:text-foreground data-[state=active]:shadow-sm\" tabindex=\"-1\" data-orientation=\"horizontal\" data-radix-collection-item=\"\">",
    +         "impact": "serious",
    +         "none": Array [],
    +         "target": Array [
    +           "#radix-\\:R139uul7qj6\\:-trigger-insights",
    +         ],
    +       },
    +       Object {
    +         "all": Array [],
    +         "any": Array [
    +           Object {
    +             "data": Object {
    +               "bgColor": "#eaedf0",
    +               "contrastRatio": 2.82,
    +               "expectedContrastRatio": "4.5:1",
    +               "fgColor": "#7890a5",
    +               "fontSize": "10.5pt (14px)",
    +               "fontWeight": "normal",
    +               "messageKey": null,
    +             },
    +             "id": "color-contrast",
    +             "impact": "serious",
    +             "message": "Element has insufficient color contrast of 2.82 (foreground color: #7890a5, background color: #eaedf0, font size: 10.5pt (14px), font weight: normal). Expected contrast ratio of 4.5:1",
    +             "relatedNodes": Array [
    +               Object {
    +                 "html": "<div role=\"tablist\" aria-orientation=\"horizontal\" class=\"inline-flex h-10 items-center justify-center rounded-md bg-muted p-1 text-muted-foreground\" tabindex=\"0\" data-orientation=\"horizontal\" style=\"outline:none\">",
    +                 "target": Array [
    +                   ".bg-muted",
    +                 ],
    +               },
    +             ],
    +           },
    +         ],
    +         "failureSummary": "Fix any of the following:
    +   Element has insufficient color contrast of 2.82 (foreground color: #7890a5, background color: #eaedf0, font size: 10.5pt (14px), font weight: normal). Expected contrast ratio of 4.5:1",
    +         "html": "<button type=\"button\" role=\"tab\" aria-selected=\"false\" aria-controls=\"radix-:R139uul7qj6:-content-trends\" data-state=\"inactive\" id=\"radix-:R139uul7qj6:-trigger-trends\" class=\"inline-flex items-center justify-center whitespace-nowrap rounded-sm px-3 py-1.5 text-sm font-medium ring-offset-background transition-all focus-visible:outline-none focus-visible:ring-2 focus-visible:ring-ring focus-visible:ring-offset-2 disabled:pointer-events-none disabled:opacity-50 data-[state=active]:bg-background data-[state=active]:text-foreground data-[state=active]:shadow-sm\" tabindex=\"-1\" data-orientation=\"horizontal\" data-radix-collection-item=\"\">",
    +         "impact": "serious",
    +         "none": Array [],
    +         "target": Array [
    +           "#radix-\\:R139uul7qj6\\:-trigger-trends",
    +         ],
    +       },
    +       Object {
    +         "all": Array [],
    +         "any": Array [
    +           Object {
    +             "data": Object {
    +               "bgColor": "#eaedf0",
    +               "contrastRatio": 2.82,
    +               "expectedContrastRatio": "4.5:1",
    +               "fgColor": "#7890a5",
    +               "fontSize": "10.5pt (14px)",
    +               "fontWeight": "normal",
    +               "messageKey": null,
    +             },
    +             "id": "color-contrast",
    +             "impact": "serious",
    +             "message": "Element has insufficient color contrast of 2.82 (foreground color: #7890a5, background color: #eaedf0, font size: 10.5pt (14px), font weight: normal). Expected contrast ratio of 4.5:1",
    +             "relatedNodes": Array [
    +               Object {
    +                 "html": "<div role=\"tablist\" aria-orientation=\"horizontal\" class=\"inline-flex h-10 items-center justify-center rounded-md bg-muted p-1 text-muted-foreground\" tabindex=\"0\" data-orientation=\"horizontal\" style=\"outline:none\">",
    +                 "target": Array [
    +                   ".bg-muted",
    +                 ],
    +               },
    +             ],
    +           },
    +         ],
    +         "failureSummary": "Fix any of the following:
    +   Element has insufficient color contrast of 2.82 (foreground color: #7890a5, background color: #eaedf0, font size: 10.5pt (14px), font weight: normal). Expected contrast ratio of 4.5:1",
    +         "html": "<button type=\"button\" role=\"tab\" aria-selected=\"false\" aria-controls=\"radix-:R139uul7qj6:-content-recommendations\" data-state=\"inactive\" id=\"radix-:R139uul7qj6:-trigger-recommendations\" class=\"inline-flex items-center justify-center whitespace-nowrap rounded-sm px-3 py-1.5 text-sm font-medium ring-offset-background transition-all focus-visible:outline-none focus-visible:ring-2 focus-visible:ring-ring focus-visible:ring-offset-2 disabled:pointer-events-none disabled:opacity-50 data-[state=active]:bg-background data-[state=active]:text-foreground data-[state=active]:shadow-sm\" tabindex=\"-1\" data-orientation=\"horizontal\" data-radix-collection-item=\"\">",
    +         "impact": "serious",
    +         "none": Array [],
    +         "target": Array [
    +           "#radix-\\:R139uul7qj6\\:-trigger-recommendations",
    +         ],
    +       },
    +     ],
    +     "tags": Array [
    +       "cat.color",
    +       "wcag2aa",
    +       "wcag143",
    +       "TTv5",
    +       "TT13.c",
    +       "EN-301-549",
    +       "EN-9.1.4.3",
    +       "ACT",
    +     ],
    +   },
    + ]

      25 |         .analyze()
      26 |
    > 27 |       expect(accessibilityScanResults.violations).toEqual([])
         |                                                   ^
      28 |     })
      29 |
      30 |     test('strategic plans page should not have accessibility violations', async ({ page }) => {
        at /Users/cchiancone/Desktop/Stratic Plan/testing/e2e/accessibility-authenticated.spec.ts:27:51

    attachment #1: screenshot (image/png) ──────────────────────────────────────────────────────────
    ../../test-results/accessibility-authenticate-2b0b3-ve-accessibility-violations-chromium/test-failed-1.png
    ────────────────────────────────────────────────────────────────────────────────────────────────

    attachment #2: video (video/webm) ──────────────────────────────────────────────────────────────
    ../../test-results/accessibility-authenticate-2b0b3-ve-accessibility-violations-chromium/video-1.webm
    ────────────────────────────────────────────────────────────────────────────────────────────────

    attachment #3: video (video/webm) ──────────────────────────────────────────────────────────────
    ../../test-results/accessibility-authenticate-2b0b3-ve-accessibility-violations-chromium/video.webm
    ────────────────────────────────────────────────────────────────────────────────────────────────

    Error Context: ../../test-results/accessibility-authenticate-2b0b3-ve-accessibility-violations-chromium/error-context.md
]]>
</failure>
<system-out>
<![CDATA[🔐 Authenticating as: admin@carrollton.gov
✓ Login page loaded
✓ Credentials entered
✓ Login form submitted
✓ Navigated to: http://localhost:3000/dashboard
✓ Authentication complete


[[ATTACHMENT|../../../test-results/accessibility-authenticate-2b0b3-ve-accessibility-violations-chromium/test-failed-1.png]]

[[ATTACHMENT|../../../test-results/accessibility-authenticate-2b0b3-ve-accessibility-violations-chromium/video-1.webm]]

[[ATTACHMENT|../../../test-results/accessibility-authenticate-2b0b3-ve-accessibility-violations-chromium/video.webm]]

[[ATTACHMENT|../../../test-results/accessibility-authenticate-2b0b3-ve-accessibility-violations-chromium/error-context.md]]
]]>
</system-out>
</testcase>
<testcase name="Authenticated Accessibility Tests › Dashboard Pages › strategic plans page should not have accessibility violations" classname="accessibility-authenticated.spec.ts" time="14.567">
<failure message="accessibility-authenticated.spec.ts:30:9 strategic plans page should not have accessibility violations" type="FAILURE">
<![CDATA[  [chromium] › accessibility-authenticated.spec.ts:30:9 › Authenticated Accessibility Tests › Dashboard Pages › strategic plans page should not have accessibility violations 

    Error: Authentication failed: Too many login attempts. Please try again in 15 minutes.

       at ../utils/helpers/auth.ts:53

      51 |     if (errorMessage) {
      52 |       console.log(`❌ Login error message: ${errorMessage}`)
    > 53 |       throw new Error(`Authentication failed: ${errorMessage}`)
         |             ^
      54 |     }
      55 |     
      56 |     if (currentUrl.includes('/login')) {
        at authenticateUser (/Users/cchiancone/Desktop/Stratic Plan/testing/utils/helpers/auth.ts:53:13)
        at /Users/cchiancone/Desktop/Stratic Plan/testing/e2e/accessibility-authenticated.spec.ts:15:5

    attachment #1: screenshot (image/png) ──────────────────────────────────────────────────────────
    ../../test-results/accessibility-authenticate-d91d9-ve-accessibility-violations-chromium/test-failed-1.png
    ────────────────────────────────────────────────────────────────────────────────────────────────

    attachment #2: video (video/webm) ──────────────────────────────────────────────────────────────
    ../../test-results/accessibility-authenticate-d91d9-ve-accessibility-violations-chromium/video.webm
    ────────────────────────────────────────────────────────────────────────────────────────────────

    Error Context: ../../test-results/accessibility-authenticate-d91d9-ve-accessibility-violations-chromium/error-context.md
]]>
</failure>
<system-out>
<![CDATA[🔐 Authenticating as: admin@carrollton.gov
✓ Login page loaded
✓ Credentials entered
✓ Login form submitted
⚠️  Current URL after timeout: http://localhost:3000/login
❌ Login error message: Too many login attempts. Please try again in 15 minutes.

[[ATTACHMENT|../../../test-results/accessibility-authenticate-d91d9-ve-accessibility-violations-chromium/test-failed-1.png]]

[[ATTACHMENT|../../../test-results/accessibility-authenticate-d91d9-ve-accessibility-violations-chromium/video.webm]]

[[ATTACHMENT|../../../test-results/accessibility-authenticate-d91d9-ve-accessibility-violations-chromium/error-context.md]]
]]>
</system-out>
</testcase>
<testcase name="Authenticated Accessibility Tests › Dashboard Pages › finance page should not have accessibility violations" classname="accessibility-authenticated.spec.ts" time="14.617">
<failure message="accessibility-authenticated.spec.ts:41:9 finance page should not have accessibility violations" type="FAILURE">
<![CDATA[  [chromium] › accessibility-authenticated.spec.ts:41:9 › Authenticated Accessibility Tests › Dashboard Pages › finance page should not have accessibility violations 

    Error: Authentication failed: Too many login attempts. Please try again in 15 minutes.

       at ../utils/helpers/auth.ts:53

      51 |     if (errorMessage) {
      52 |       console.log(`❌ Login error message: ${errorMessage}`)
    > 53 |       throw new Error(`Authentication failed: ${errorMessage}`)
         |             ^
      54 |     }
      55 |     
      56 |     if (currentUrl.includes('/login')) {
        at authenticateUser (/Users/cchiancone/Desktop/Stratic Plan/testing/utils/helpers/auth.ts:53:13)
        at /Users/cchiancone/Desktop/Stratic Plan/testing/e2e/accessibility-authenticated.spec.ts:15:5

    attachment #1: screenshot (image/png) ──────────────────────────────────────────────────────────
    ../../test-results/accessibility-authenticate-517c5-ve-accessibility-violations-chromium/test-failed-1.png
    ────────────────────────────────────────────────────────────────────────────────────────────────

    attachment #2: video (video/webm) ──────────────────────────────────────────────────────────────
    ../../test-results/accessibility-authenticate-517c5-ve-accessibility-violations-chromium/video.webm
    ────────────────────────────────────────────────────────────────────────────────────────────────

    Error Context: ../../test-results/accessibility-authenticate-517c5-ve-accessibility-violations-chromium/error-context.md
]]>
</failure>
<system-out>
<![CDATA[🔐 Authenticating as: admin@carrollton.gov
✓ Login page loaded
✓ Credentials entered
✓ Login form submitted
⚠️  Current URL after timeout: http://localhost:3000/login
❌ Login error message: Too many login attempts. Please try again in 15 minutes.

[[ATTACHMENT|../../../test-results/accessibility-authenticate-517c5-ve-accessibility-violations-chromium/test-failed-1.png]]

[[ATTACHMENT|../../../test-results/accessibility-authenticate-517c5-ve-accessibility-violations-chromium/video.webm]]

[[ATTACHMENT|../../../test-results/accessibility-authenticate-517c5-ve-accessibility-violations-chromium/error-context.md]]
]]>
</system-out>
</testcase>
<testcase name="Authenticated Accessibility Tests › Admin Pages › admin dashboard should not have accessibility violations" classname="accessibility-authenticated.spec.ts" time="14.472">
<failure message="accessibility-authenticated.spec.ts:54:9 admin dashboard should not have accessibility violations" type="FAILURE">
<![CDATA[  [chromium] › accessibility-authenticated.spec.ts:54:9 › Authenticated Accessibility Tests › Admin Pages › admin dashboard should not have accessibility violations 

    Error: Authentication failed: Too many login attempts. Please try again in 15 minutes.

       at ../utils/helpers/auth.ts:53

      51 |     if (errorMessage) {
      52 |       console.log(`❌ Login error message: ${errorMessage}`)
    > 53 |       throw new Error(`Authentication failed: ${errorMessage}`)
         |             ^
      54 |     }
      55 |     
      56 |     if (currentUrl.includes('/login')) {
        at authenticateUser (/Users/cchiancone/Desktop/Stratic Plan/testing/utils/helpers/auth.ts:53:13)
        at /Users/cchiancone/Desktop/Stratic Plan/testing/e2e/accessibility-authenticated.spec.ts:15:5

    attachment #1: screenshot (image/png) ──────────────────────────────────────────────────────────
    ../../test-results/accessibility-authenticate-79f94-ve-accessibility-violations-chromium/test-failed-1.png
    ────────────────────────────────────────────────────────────────────────────────────────────────

    attachment #2: video (video/webm) ──────────────────────────────────────────────────────────────
    ../../test-results/accessibility-authenticate-79f94-ve-accessibility-violations-chromium/video.webm
    ────────────────────────────────────────────────────────────────────────────────────────────────

    Error Context: ../../test-results/accessibility-authenticate-79f94-ve-accessibility-violations-chromium/error-context.md
]]>
</failure>
<system-out>
<![CDATA[🔐 Authenticating as: admin@carrollton.gov
✓ Login page loaded
✓ Credentials entered
✓ Login form submitted
⚠️  Current URL after timeout: http://localhost:3000/login
❌ Login error message: Too many login attempts. Please try again in 15 minutes.

[[ATTACHMENT|../../../test-results/accessibility-authenticate-79f94-ve-accessibility-violations-chromium/test-failed-1.png]]

[[ATTACHMENT|../../../test-results/accessibility-authenticate-79f94-ve-accessibility-violations-chromium/video.webm]]

[[ATTACHMENT|../../../test-results/accessibility-authenticate-79f94-ve-accessibility-violations-chromium/error-context.md]]
]]>
</system-out>
</testcase>
<testcase name="Authenticated Accessibility Tests › Admin Pages › users page should not have accessibility violations" classname="accessibility-authenticated.spec.ts" time="14.613">
<failure message="accessibility-authenticated.spec.ts:65:9 users page should not have accessibility violations" type="FAILURE">
<![CDATA[  [chromium] › accessibility-authenticated.spec.ts:65:9 › Authenticated Accessibility Tests › Admin Pages › users page should not have accessibility violations 

    Error: Authentication failed: Too many login attempts. Please try again in 15 minutes.

       at ../utils/helpers/auth.ts:53

      51 |     if (errorMessage) {
      52 |       console.log(`❌ Login error message: ${errorMessage}`)
    > 53 |       throw new Error(`Authentication failed: ${errorMessage}`)
         |             ^
      54 |     }
      55 |     
      56 |     if (currentUrl.includes('/login')) {
        at authenticateUser (/Users/cchiancone/Desktop/Stratic Plan/testing/utils/helpers/auth.ts:53:13)
        at /Users/cchiancone/Desktop/Stratic Plan/testing/e2e/accessibility-authenticated.spec.ts:15:5

    attachment #1: screenshot (image/png) ──────────────────────────────────────────────────────────
    ../../test-results/accessibility-authenticate-4eb4c-ve-accessibility-violations-chromium/test-failed-1.png
    ────────────────────────────────────────────────────────────────────────────────────────────────

    attachment #2: video (video/webm) ──────────────────────────────────────────────────────────────
    ../../test-results/accessibility-authenticate-4eb4c-ve-accessibility-violations-chromium/video.webm
    ────────────────────────────────────────────────────────────────────────────────────────────────

    Error Context: ../../test-results/accessibility-authenticate-4eb4c-ve-accessibility-violations-chromium/error-context.md
]]>
</failure>
<system-out>
<![CDATA[🔐 Authenticating as: admin@carrollton.gov
✓ Login page loaded
✓ Credentials entered
✓ Login form submitted
⚠️  Current URL after timeout: http://localhost:3000/login
❌ Login error message: Too many login attempts. Please try again in 15 minutes.

[[ATTACHMENT|../../../test-results/accessibility-authenticate-4eb4c-ve-accessibility-violations-chromium/test-failed-1.png]]

[[ATTACHMENT|../../../test-results/accessibility-authenticate-4eb4c-ve-accessibility-violations-chromium/video.webm]]

[[ATTACHMENT|../../../test-results/accessibility-authenticate-4eb4c-ve-accessibility-violations-chromium/error-context.md]]
]]>
</system-out>
</testcase>
<testcase name="Authenticated Accessibility Tests › Admin Pages › departments page should not have accessibility violations" classname="accessibility-authenticated.spec.ts" time="14.541">
<failure message="accessibility-authenticated.spec.ts:76:9 departments page should not have accessibility violations" type="FAILURE">
<![CDATA[  [chromium] › accessibility-authenticated.spec.ts:76:9 › Authenticated Accessibility Tests › Admin Pages › departments page should not have accessibility violations 

    Error: Authentication failed: Too many login attempts. Please try again in 15 minutes.

       at ../utils/helpers/auth.ts:53

      51 |     if (errorMessage) {
      52 |       console.log(`❌ Login error message: ${errorMessage}`)
    > 53 |       throw new Error(`Authentication failed: ${errorMessage}`)
         |             ^
      54 |     }
      55 |     
      56 |     if (currentUrl.includes('/login')) {
        at authenticateUser (/Users/cchiancone/Desktop/Stratic Plan/testing/utils/helpers/auth.ts:53:13)
        at /Users/cchiancone/Desktop/Stratic Plan/testing/e2e/accessibility-authenticated.spec.ts:15:5

    attachment #1: screenshot (image/png) ──────────────────────────────────────────────────────────
    ../../test-results/accessibility-authenticate-5e173-ve-accessibility-violations-chromium/test-failed-1.png
    ────────────────────────────────────────────────────────────────────────────────────────────────

    attachment #2: video (video/webm) ──────────────────────────────────────────────────────────────
    ../../test-results/accessibility-authenticate-5e173-ve-accessibility-violations-chromium/video.webm
    ────────────────────────────────────────────────────────────────────────────────────────────────

    Error Context: ../../test-results/accessibility-authenticate-5e173-ve-accessibility-violations-chromium/error-context.md
]]>
</failure>
<system-out>
<![CDATA[🔐 Authenticating as: admin@carrollton.gov
✓ Login page loaded
✓ Credentials entered
✓ Login form submitted
⚠️  Current URL after timeout: http://localhost:3000/login
❌ Login error message: Too many login attempts. Please try again in 15 minutes.

[[ATTACHMENT|../../../test-results/accessibility-authenticate-5e173-ve-accessibility-violations-chromium/test-failed-1.png]]

[[ATTACHMENT|../../../test-results/accessibility-authenticate-5e173-ve-accessibility-violations-chromium/video.webm]]

[[ATTACHMENT|../../../test-results/accessibility-authenticate-5e173-ve-accessibility-violations-chromium/error-context.md]]
]]>
</system-out>
</testcase>
<testcase name="Authenticated Accessibility Tests › Admin Pages › audit logs page should not have accessibility violations" classname="accessibility-authenticated.spec.ts" time="14.594">
<failure message="accessibility-authenticated.spec.ts:87:9 audit logs page should not have accessibility violations" type="FAILURE">
<![CDATA[  [chromium] › accessibility-authenticated.spec.ts:87:9 › Authenticated Accessibility Tests › Admin Pages › audit logs page should not have accessibility violations 

    Error: Authentication failed: Too many login attempts. Please try again in 15 minutes.

       at ../utils/helpers/auth.ts:53

      51 |     if (errorMessage) {
      52 |       console.log(`❌ Login error message: ${errorMessage}`)
    > 53 |       throw new Error(`Authentication failed: ${errorMessage}`)
         |             ^
      54 |     }
      55 |     
      56 |     if (currentUrl.includes('/login')) {
        at authenticateUser (/Users/cchiancone/Desktop/Stratic Plan/testing/utils/helpers/auth.ts:53:13)
        at /Users/cchiancone/Desktop/Stratic Plan/testing/e2e/accessibility-authenticated.spec.ts:15:5

    attachment #1: screenshot (image/png) ──────────────────────────────────────────────────────────
    ../../test-results/accessibility-authenticate-bc2bd-ve-accessibility-violations-chromium/test-failed-1.png
    ────────────────────────────────────────────────────────────────────────────────────────────────

    attachment #2: video (video/webm) ──────────────────────────────────────────────────────────────
    ../../test-results/accessibility-authenticate-bc2bd-ve-accessibility-violations-chromium/video.webm
    ────────────────────────────────────────────────────────────────────────────────────────────────

    Error Context: ../../test-results/accessibility-authenticate-bc2bd-ve-accessibility-violations-chromium/error-context.md
]]>
</failure>
<system-out>
<![CDATA[🔐 Authenticating as: admin@carrollton.gov
✓ Login page loaded
✓ Credentials entered
✓ Login form submitted
⚠️  Current URL after timeout: http://localhost:3000/login
❌ Login error message: Too many login attempts. Please try again in 15 minutes.

[[ATTACHMENT|../../../test-results/accessibility-authenticate-bc2bd-ve-accessibility-violations-chromium/test-failed-1.png]]

[[ATTACHMENT|../../../test-results/accessibility-authenticate-bc2bd-ve-accessibility-violations-chromium/video.webm]]

[[ATTACHMENT|../../../test-results/accessibility-authenticate-bc2bd-ve-accessibility-violations-chromium/error-context.md]]
]]>
</system-out>
</testcase>
<testcase name="Authenticated Accessibility Tests › Admin Pages › settings page should not have accessibility violations" classname="accessibility-authenticated.spec.ts" time="11.442">
<failure message="accessibility-authenticated.spec.ts:98:9 settings page should not have accessibility violations" type="FAILURE">
<![CDATA[  [chromium] › accessibility-authenticated.spec.ts:98:9 › Authenticated Accessibility Tests › Admin Pages › settings page should not have accessibility violations 

    Error: expect(received).toEqual(expected) // deep equality

    - Expected  -   1
    + Received  + 532

    - Array []
    + Array [
    +   Object {
    +     "description": "Ensure buttons have discernible text",
    +     "help": "Buttons must have discernible text",
    +     "helpUrl": "https://dequeuniversity.com/rules/axe/4.10/button-name?application=playwright",
    +     "id": "button-name",
    +     "impact": "critical",
    +     "nodes": Array [
    +       Object {
    +         "all": Array [],
    +         "any": Array [
    +           Object {
    +             "data": null,
    +             "id": "button-has-visible-text",
    +             "impact": "critical",
    +             "message": "Element does not have inner text that is visible to screen readers",
    +             "relatedNodes": Array [],
    +           },
    +           Object {
    +             "data": null,
    +             "id": "aria-label",
    +             "impact": "critical",
    +             "message": "aria-label attribute does not exist or is empty",
    +             "relatedNodes": Array [],
    +           },
    +           Object {
    +             "data": null,
    +             "id": "aria-labelledby",
    +             "impact": "critical",
    +             "message": "aria-labelledby attribute does not exist, references elements that do not exist or references elements that are empty",
    +             "relatedNodes": Array [],
    +           },
    +           Object {
    +             "data": Object {
    +               "messageKey": "noAttr",
    +             },
    +             "id": "non-empty-title",
    +             "impact": "critical",
    +             "message": "Element has no title attribute",
    +             "relatedNodes": Array [],
    +           },
    +           Object {
    +             "data": null,
    +             "id": "implicit-label",
    +             "impact": "critical",
    +             "message": "Element does not have an implicit (wrapped) <label>",
    +             "relatedNodes": Array [],
    +           },
    +           Object {
    +             "data": null,
    +             "id": "explicit-label",
    +             "impact": "critical",
    +             "message": "Element does not have an explicit <label>",
    +             "relatedNodes": Array [],
    +           },
    +           Object {
    +             "data": null,
    +             "id": "presentational-role",
    +             "impact": "critical",
    +             "message": "Element's default semantics were not overridden with role=\"none\" or role=\"presentation\"",
    +             "relatedNodes": Array [],
    +           },
    +         ],
    +         "failureSummary": "Fix any of the following:
    +   Element does not have inner text that is visible to screen readers
    +   aria-label attribute does not exist or is empty
    +   aria-labelledby attribute does not exist, references elements that do not exist or references elements that are empty
    +   Element has no title attribute
    +   Element does not have an implicit (wrapped) <label>
    +   Element does not have an explicit <label>
    +   Element's default semantics were not overridden with role=\"none\" or role=\"presentation\"",
    +         "html": "<button type=\"button\" role=\"combobox\" aria-controls=\"radix-:R16i3t7rpul7qj6:\" aria-expanded=\"false\" aria-autocomplete=\"none\" dir=\"ltr\" data-state=\"closed\" class=\"flex h-10 w-full items-center justify-between rounded-md border border-input bg-background px-3 py-2 text-sm ring-offset-background data-[placeholder]:text-muted-foreground focus:outline-none focus:ring-2 focus:ring-ring focus:ring-offset-2 disabled:cursor-not-allowed disabled:opacity-50 [&amp;&gt;span]:line-clamp-1 mt-1\">",
    +         "impact": "critical",
    +         "none": Array [],
    +         "target": Array [
    +           "button[aria-controls=\"radix-:R16i3t7rpul7qj6:\"]",
    +         ],
    +       },
    +       Object {
    +         "all": Array [],
    +         "any": Array [
    +           Object {
    +             "data": null,
    +             "id": "button-has-visible-text",
    +             "impact": "critical",
    +             "message": "Element does not have inner text that is visible to screen readers",
    +             "relatedNodes": Array [],
    +           },
    +           Object {
    +             "data": null,
    +             "id": "aria-label",
    +             "impact": "critical",
    +             "message": "aria-label attribute does not exist or is empty",
    +             "relatedNodes": Array [],
    +           },
    +           Object {
    +             "data": null,
    +             "id": "aria-labelledby",
    +             "impact": "critical",
    +             "message": "aria-labelledby attribute does not exist, references elements that do not exist or references elements that are empty",
    +             "relatedNodes": Array [],
    +           },
    +           Object {
    +             "data": Object {
    +               "messageKey": "noAttr",
    +             },
    +             "id": "non-empty-title",
    +             "impact": "critical",
    +             "message": "Element has no title attribute",
    +             "relatedNodes": Array [],
    +           },
    +           Object {
    +             "data": null,
    +             "id": "implicit-label",
    +             "impact": "critical",
    +             "message": "Element does not have an implicit (wrapped) <label>",
    +             "relatedNodes": Array [],
    +           },
    +           Object {
    +             "data": null,
    +             "id": "explicit-label",
    +             "impact": "critical",
    +             "message": "Element does not have an explicit <label>",
    +             "relatedNodes": Array [],
    +           },
    +           Object {
    +             "data": null,
    +             "id": "presentational-role",
    +             "impact": "critical",
    +             "message": "Element's default semantics were not overridden with role=\"none\" or role=\"presentation\"",
    +             "relatedNodes": Array [],
    +           },
    +         ],
    +         "failureSummary": "Fix any of the following:
    +   Element does not have inner text that is visible to screen readers
    +   aria-label attribute does not exist or is empty
    +   aria-labelledby attribute does not exist, references elements that do not exist or references elements that are empty
    +   Element has no title attribute
    +   Element does not have an implicit (wrapped) <label>
    +   Element does not have an explicit <label>
    +   Element's default semantics were not overridden with role=\"none\" or role=\"presentation\"",
    +         "html": "<button type=\"button\" role=\"combobox\" aria-controls=\"radix-:R1ai3t7rpul7qj6:\" aria-expanded=\"false\" aria-autocomplete=\"none\" dir=\"ltr\" data-state=\"closed\" class=\"flex h-10 w-full items-center justify-between rounded-md border border-input bg-background px-3 py-2 text-sm ring-offset-background data-[placeholder]:text-muted-foreground focus:outline-none focus:ring-2 focus:ring-ring focus:ring-offset-2 disabled:cursor-not-allowed disabled:opacity-50 [&amp;&gt;span]:line-clamp-1 mt-1\">",
    +         "impact": "critical",
    +         "none": Array [],
    +         "target": Array [
    +           "button[aria-controls=\"radix-:R1ai3t7rpul7qj6:\"]",
    +         ],
    +       },
    +       Object {
    +         "all": Array [],
    +         "any": Array [
    +           Object {
    +             "data": null,
    +             "id": "button-has-visible-text",
    +             "impact": "critical",
    +             "message": "Element does not have inner text that is visible to screen readers",
    +             "relatedNodes": Array [],
    +           },
    +           Object {
    +             "data": null,
    +             "id": "aria-label",
    +             "impact": "critical",
    +             "message": "aria-label attribute does not exist or is empty",
    +             "relatedNodes": Array [],
    +           },
    +           Object {
    +             "data": null,
    +             "id": "aria-labelledby",
    +             "impact": "critical",
    +             "message": "aria-labelledby attribute does not exist, references elements that do not exist or references elements that are empty",
    +             "relatedNodes": Array [],
    +           },
    +           Object {
    +             "data": Object {
    +               "messageKey": "noAttr",
    +             },
    +             "id": "non-empty-title",
    +             "impact": "critical",
    +             "message": "Element has no title attribute",
    +             "relatedNodes": Array [],
    +           },
    +           Object {
    +             "data": null,
    +             "id": "implicit-label",
    +             "impact": "critical",
    +             "message": "Element does not have an implicit (wrapped) <label>",
    +             "relatedNodes": Array [],
    +           },
    +           Object {
    +             "data": null,
    +             "id": "explicit-label",
    +             "impact": "critical",
    +             "message": "Element does not have an explicit <label>",
    +             "relatedNodes": Array [],
    +           },
    +           Object {
    +             "data": null,
    +             "id": "presentational-role",
    +             "impact": "critical",
    +             "message": "Element's default semantics were not overridden with role=\"none\" or role=\"presentation\"",
    +             "relatedNodes": Array [],
    +           },
    +         ],
    +         "failureSummary": "Fix any of the following:
    +   Element does not have inner text that is visible to screen readers
    +   aria-label attribute does not exist or is empty
    +   aria-labelledby attribute does not exist, references elements that do not exist or references elements that are empty
    +   Element has no title attribute
    +   Element does not have an implicit (wrapped) <label>
    +   Element does not have an explicit <label>
    +   Element's default semantics were not overridden with role=\"none\" or role=\"presentation\"",
    +         "html": "<button type=\"button\" role=\"combobox\" aria-controls=\"radix-:R1ei3t7rpul7qj6:\" aria-expanded=\"false\" aria-autocomplete=\"none\" dir=\"ltr\" data-state=\"closed\" class=\"flex h-10 w-full items-center justify-between rounded-md border border-input bg-background px-3 py-2 text-sm ring-offset-background data-[placeholder]:text-muted-foreground focus:outline-none focus:ring-2 focus:ring-ring focus:ring-offset-2 disabled:cursor-not-allowed disabled:opacity-50 [&amp;&gt;span]:line-clamp-1 mt-1\">",
    +         "impact": "critical",
    +         "none": Array [],
    +         "target": Array [
    +           "button[aria-controls=\"radix-:R1ei3t7rpul7qj6:\"]",
    +         ],
    +       },
    +       Object {
    +         "all": Array [],
    +         "any": Array [
    +           Object {
    +             "data": null,
    +             "id": "button-has-visible-text",
    +             "impact": "critical",
    +             "message": "Element does not have inner text that is visible to screen readers",
    +             "relatedNodes": Array [],
    +           },
    +           Object {
    +             "data": null,
    +             "id": "aria-label",
    +             "impact": "critical",
    +             "message": "aria-label attribute does not exist or is empty",
    +             "relatedNodes": Array [],
    +           },
    +           Object {
    +             "data": null,
    +             "id": "aria-labelledby",
    +             "impact": "critical",
    +             "message": "aria-labelledby attribute does not exist, references elements that do not exist or references elements that are empty",
    +             "relatedNodes": Array [],
    +           },
    +           Object {
    +             "data": Object {
    +               "messageKey": "noAttr",
    +             },
    +             "id": "non-empty-title",
    +             "impact": "critical",
    +             "message": "Element has no title attribute",
    +             "relatedNodes": Array [],
    +           },
    +           Object {
    +             "data": null,
    +             "id": "implicit-label",
    +             "impact": "critical",
    +             "message": "Element does not have an implicit (wrapped) <label>",
    +             "relatedNodes": Array [],
    +           },
    +           Object {
    +             "data": null,
    +             "id": "explicit-label",
    +             "impact": "critical",
    +             "message": "Element does not have an explicit <label>",
    +             "relatedNodes": Array [],
    +           },
    +           Object {
    +             "data": null,
    +             "id": "presentational-role",
    +             "impact": "critical",
    +             "message": "Element's default semantics were not overridden with role=\"none\" or role=\"presentation\"",
    +             "relatedNodes": Array [],
    +           },
    +         ],
    +         "failureSummary": "Fix any of the following:
    +   Element does not have inner text that is visible to screen readers
    +   aria-label attribute does not exist or is empty
    +   aria-labelledby attribute does not exist, references elements that do not exist or references elements that are empty
    +   Element has no title attribute
    +   Element does not have an implicit (wrapped) <label>
    +   Element does not have an explicit <label>
    +   Element's default semantics were not overridden with role=\"none\" or role=\"presentation\"",
    +         "html": "<button type=\"button\" role=\"switch\" aria-checked=\"true\" data-state=\"checked\" value=\"on\" class=\"peer inline-flex h-6 w-11 shrink-0 cursor-pointer items-center rounded-full border-2 border-transparent transition-colors focus-visible:outline-none focus-visible:ring-2 focus-visible:ring-ring focus-visible:ring-offset-2 focus-visible:ring-offset-background disabled:cursor-not-allowed disabled:opacity-50 data-[state=checked]:bg-primary data-[state=unchecked]:bg-input\">",
    +         "impact": "critical",
    +         "none": Array [],
    +         "target": Array [
    +           ".justify-between.items-center.flex:nth-child(1) > .peer.w-11.cursor-pointer",
    +         ],
    +       },
    +       Object {
    +         "all": Array [],
    +         "any": Array [
    +           Object {
    +             "data": null,
    +             "id": "button-has-visible-text",
    +             "impact": "critical",
    +             "message": "Element does not have inner text that is visible to screen readers",
    +             "relatedNodes": Array [],
    +           },
    +           Object {
    +             "data": null,
    +             "id": "aria-label",
    +             "impact": "critical",
    +             "message": "aria-label attribute does not exist or is empty",
    +             "relatedNodes": Array [],
    +           },
    +           Object {
    +             "data": null,
    +             "id": "aria-labelledby",
    +             "impact": "critical",
    +             "message": "aria-labelledby attribute does not exist, references elements that do not exist or references elements that are empty",
    +             "relatedNodes": Array [],
    +           },
    +           Object {
    +             "data": Object {
    +               "messageKey": "noAttr",
    +             },
    +             "id": "non-empty-title",
    +             "impact": "critical",
    +             "message": "Element has no title attribute",
    +             "relatedNodes": Array [],
    +           },
    +           Object {
    +             "data": null,
    +             "id": "implicit-label",
    +             "impact": "critical",
    +             "message": "Element does not have an implicit (wrapped) <label>",
    +             "relatedNodes": Array [],
    +           },
    +           Object {
    +             "data": null,
    +             "id": "explicit-label",
    +             "impact": "critical",
    +             "message": "Element does not have an explicit <label>",
    +             "relatedNodes": Array [],
    +           },
    +           Object {
    +             "data": null,
    +             "id": "presentational-role",
    +             "impact": "critical",
    +             "message": "Element's default semantics were not overridden with role=\"none\" or role=\"presentation\"",
    +             "relatedNodes": Array [],
    +           },
    +         ],
    +         "failureSummary": "Fix any of the following:
    +   Element does not have inner text that is visible to screen readers
    +   aria-label attribute does not exist or is empty
    +   aria-labelledby attribute does not exist, references elements that do not exist or references elements that are empty
    +   Element has no title attribute
    +   Element does not have an implicit (wrapped) <label>
    +   Element does not have an explicit <label>
    +   Element's default semantics were not overridden with role=\"none\" or role=\"presentation\"",
    +         "html": "<button type=\"button\" role=\"switch\" aria-checked=\"true\" data-state=\"checked\" value=\"on\" class=\"peer inline-flex h-6 w-11 shrink-0 cursor-pointer items-center rounded-full border-2 border-transparent transition-colors focus-visible:outline-none focus-visible:ring-2 focus-visible:ring-ring focus-visible:ring-offset-2 focus-visible:ring-offset-background disabled:cursor-not-allowed disabled:opacity-50 data-[state=checked]:bg-primary data-[state=unchecked]:bg-input\">",
    +         "impact": "critical",
    +         "none": Array [],
    +         "target": Array [
    +           ".justify-between.items-center.flex:nth-child(2) > .peer.w-11.cursor-pointer",
    +         ],
    +       },
    +       Object {
    +         "all": Array [],
    +         "any": Array [
    +           Object {
    +             "data": null,
    +             "id": "button-has-visible-text",
    +             "impact": "critical",
    +             "message": "Element does not have inner text that is visible to screen readers",
    +             "relatedNodes": Array [],
    +           },
    +           Object {
    +             "data": null,
    +             "id": "aria-label",
    +             "impact": "critical",
    +             "message": "aria-label attribute does not exist or is empty",
    +             "relatedNodes": Array [],
    +           },
    +           Object {
    +             "data": null,
    +             "id": "aria-labelledby",
    +             "impact": "critical",
    +             "message": "aria-labelledby attribute does not exist, references elements that do not exist or references elements that are empty",
    +             "relatedNodes": Array [],
    +           },
    +           Object {
    +             "data": Object {
    +               "messageKey": "noAttr",
    +             },
    +             "id": "non-empty-title",
    +             "impact": "critical",
    +             "message": "Element has no title attribute",
    +             "relatedNodes": Array [],
    +           },
    +           Object {
    +             "data": null,
    +             "id": "implicit-label",
    +             "impact": "critical",
    +             "message": "Element does not have an implicit (wrapped) <label>",
    +             "relatedNodes": Array [],
    +           },
    +           Object {
    +             "data": null,
    +             "id": "explicit-label",
    +             "impact": "critical",
    +             "message": "Element does not have an explicit <label>",
    +             "relatedNodes": Array [],
    +           },
    +           Object {
    +             "data": null,
    +             "id": "presentational-role",
    +             "impact": "critical",
    +             "message": "Element's default semantics were not overridden with role=\"none\" or role=\"presentation\"",
    +             "relatedNodes": Array [],
    +           },
    +         ],
    +         "failureSummary": "Fix any of the following:
    +   Element does not have inner text that is visible to screen readers
    +   aria-label attribute does not exist or is empty
    +   aria-labelledby attribute does not exist, references elements that do not exist or references elements that are empty
    +   Element has no title attribute
    +   Element does not have an implicit (wrapped) <label>
    +   Element does not have an explicit <label>
    +   Element's default semantics were not overridden with role=\"none\" or role=\"presentation\"",
    +         "html": "<button type=\"button\" role=\"switch\" aria-checked=\"true\" data-state=\"checked\" value=\"on\" class=\"peer inline-flex h-6 w-11 shrink-0 cursor-pointer items-center rounded-full border-2 border-transparent transition-colors focus-visible:outline-none focus-visible:ring-2 focus-visible:ring-ring focus-visible:ring-offset-2 focus-visible:ring-offset-background disabled:cursor-not-allowed disabled:opacity-50 data-[state=checked]:bg-primary data-[state=unchecked]:bg-input\">",
    +         "impact": "critical",
    +         "none": Array [],
    +         "target": Array [
    +           ".justify-between.items-center.flex:nth-child(3) > .peer.w-11.cursor-pointer",
    +         ],
    +       },
    +     ],
    +     "tags": Array [
    +       "cat.name-role-value",
    +       "wcag2a",
    +       "wcag412",
    +       "section508",
    +       "section508.22.a",
    +       "TTv5",
    +       "TT6.a",
    +       "EN-301-549",
    +       "EN-9.4.1.2",
    +       "ACT",
    +     ],
    +   },
    +   Object {
    +     "description": "Ensure the contrast between foreground and background colors meets WCAG 2 AA minimum contrast ratio thresholds",
    +     "help": "Elements must meet minimum color contrast ratio thresholds",
    +     "helpUrl": "https://dequeuniversity.com/rules/axe/4.10/color-contrast?application=playwright",
    +     "id": "color-contrast",
    +     "impact": "serious",
    +     "nodes": Array [
    +       Object {
    +         "all": Array [],
    +         "any": Array [
    +           Object {
    +             "data": Object {
    +               "bgColor": "#eff6ff",
    +               "contrastRatio": 4.44,
    +               "expectedContrastRatio": "4.5:1",
    +               "fgColor": "#6b7280",
    +               "fontSize": "9.0pt (12px)",
    +               "fontWeight": "normal",
    +               "messageKey": null,
    +             },
    +             "id": "color-contrast",
    +             "impact": "serious",
    +             "message": "Element has insufficient color contrast of 4.44 (foreground color: #6b7280, background color: #eff6ff, font size: 9.0pt (12px), font weight: normal). Expected contrast ratio of 4.5:1",
    +             "relatedNodes": Array [
    +               Object {
    +                 "html": "<button type=\"button\" role=\"tab\" aria-selected=\"true\" aria-controls=\"radix-:R57rpul7qj6:-content-general\" data-state=\"active\" id=\"radix-:R57rpul7qj6:-trigger-general\" class=\"inline-flex items-center whitespace-nowrap text-sm font-medium ring-offset-background focus-visible:outline-none focus-visible:ring-2 focus-visible:ring-ring focus-visible:ring-offset-2 disabled:pointer-events-none disabled:opacity-50 data-[state=active]:text-foreground w-full justify-start h-auto p-4 bg-white border border-gray-200 rounded-lg data-[state=active]:bg-blue-50 data-[state=active]:border-blue-200 data-[state=active]:shadow-sm hover:bg-gray-50 transition-all\" tabindex=\"-1\" data-orientation=\"horizontal\" data-radix-collection-item=\"\">",
    +                 "target": Array [
    +                   ".justify-start.h-auto[data-state=\"active\"]",
    +                 ],
    +               },
    +             ],
    +           },
    +         ],
    +         "failureSummary": "Fix any of the following:
    +   Element has insufficient color contrast of 4.44 (foreground color: #6b7280, background color: #eff6ff, font size: 9.0pt (12px), font weight: normal). Expected contrast ratio of 4.5:1",
    +         "html": "<div class=\"text-xs text-gray-500 line-clamp-2\">Municipality information and basic settings</div>",
    +         "impact": "serious",
    +         "none": Array [],
    +         "target": Array [
    +           ".justify-start.h-auto[data-state=\"active\"] > .items-start.text-left.gap-3 > .min-w-0.flex-1 > .line-clamp-2.text-xs.text-gray-500",
    +         ],
    +       },
    +       Object {
    +         "all": Array [],
    +         "any": Array [
    +           Object {
    +             "data": Object {
    +               "bgColor": "#ffffff",
    +               "contrastRatio": 3.31,
    +               "expectedContrastRatio": "4.5:1",
    +               "fgColor": "#7890a5",
    +               "fontSize": "10.5pt (14px)",
    +               "fontWeight": "normal",
    +               "messageKey": null,
    +             },
    +             "id": "color-contrast",
    +             "impact": "serious",
    +             "message": "Element has insufficient color contrast of 3.31 (foreground color: #7890a5, background color: #ffffff, font size: 10.5pt (14px), font weight: normal). Expected contrast ratio of 4.5:1",
    +             "relatedNodes": Array [
    +               Object {
    +                 "html": "<div class=\"rounded-lg border bg-card text-card-foreground shadow-sm\">",
    +                 "target": Array [
    +                   ".bg-card.text-card-foreground.shadow-sm:nth-child(1)",
    +                 ],
    +               },
    +             ],
    +           },
    +         ],
    +         "failureSummary": "Fix any of the following:
    +   Element has insufficient color contrast of 3.31 (foreground color: #7890a5, background color: #ffffff, font size: 10.5pt (14px), font weight: normal). Expected contrast ratio of 4.5:1",
    +         "html": "<div class=\"text-sm text-muted-foreground\">Essential municipality details and public information.</div>",
    +         "impact": "serious",
    +         "none": Array [],
    +         "target": Array [
    +           ".bg-card.text-card-foreground.shadow-sm:nth-child(1) > .space-y-1\\.5.p-6.flex-col > .text-muted-foreground.text-sm",
    +         ],
    +       },
    +     ],
    +     "tags": Array [
    +       "cat.color",
    +       "wcag2aa",
    +       "wcag143",
    +       "TTv5",
    +       "TT13.c",
    +       "EN-301-549",
    +       "EN-9.1.4.3",
    +       "ACT",
    +     ],
    +   },
    + ]

      104 |         .analyze()
      105 |
    > 106 |       expect(accessibilityScanResults.violations).toEqual([])
          |                                                   ^
      107 |     })
      108 |   })
      109 |
        at /Users/cchiancone/Desktop/Stratic Plan/testing/e2e/accessibility-authenticated.spec.ts:106:51

    attachment #1: screenshot (image/png) ──────────────────────────────────────────────────────────
    ../../test-results/accessibility-authenticate-00f33-ve-accessibility-violations-chromium/test-failed-1.png
    ────────────────────────────────────────────────────────────────────────────────────────────────

    attachment #2: video (video/webm) ──────────────────────────────────────────────────────────────
    ../../test-results/accessibility-authenticate-00f33-ve-accessibility-violations-chromium/video-1.webm
    ────────────────────────────────────────────────────────────────────────────────────────────────

    attachment #3: video (video/webm) ──────────────────────────────────────────────────────────────
    ../../test-results/accessibility-authenticate-00f33-ve-accessibility-violations-chromium/video.webm
    ────────────────────────────────────────────────────────────────────────────────────────────────

    Error Context: ../../test-results/accessibility-authenticate-00f33-ve-accessibility-violations-chromium/error-context.md
]]>
</failure>
<system-out>
<![CDATA[🔐 Authenticating as: admin@carrollton.gov
✓ Login page loaded
✓ Credentials entered
✓ Login form submitted
✓ Navigated to: http://localhost:3000/dashboard
✓ Authentication complete


[[ATTACHMENT|../../../test-results/accessibility-authenticate-00f33-ve-accessibility-violations-chromium/test-failed-1.png]]

[[ATTACHMENT|../../../test-results/accessibility-authenticate-00f33-ve-accessibility-violations-chromium/video-1.webm]]

[[ATTACHMENT|../../../test-results/accessibility-authenticate-00f33-ve-accessibility-violations-chromium/video.webm]]

[[ATTACHMENT|../../../test-results/accessibility-authenticate-00f33-ve-accessibility-violations-chromium/error-context.md]]
]]>
</system-out>
</testcase>
<testcase name="Authenticated Accessibility Tests › Dashboard Navigation › sidebar navigation should be keyboard accessible" classname="accessibility-authenticated.spec.ts" time="12.64">
<failure message="accessibility-authenticated.spec.ts:111:9 sidebar navigation should be keyboard accessible" type="FAILURE">
<![CDATA[  [chromium] › accessibility-authenticated.spec.ts:111:9 › Authenticated Accessibility Tests › Dashboard Navigation › sidebar navigation should be keyboard accessible 

    Error: expect(received).toBeGreaterThan(expected)

    Expected: > 3
    Received:   2

      123 |       // Should have tabbed through multiple navigation links
      124 |       const uniqueElements = new Set(tabbableElements.filter(el => el !== 'BODY'))
    > 125 |       expect(uniqueElements.size).toBeGreaterThan(3)
          |                                   ^
      126 |     })
      127 |
      128 |     test('dashboard should have proper landmark regions', async ({ page }) => {
        at /Users/cchiancone/Desktop/Stratic Plan/testing/e2e/accessibility-authenticated.spec.ts:125:35

    attachment #1: screenshot (image/png) ──────────────────────────────────────────────────────────
    ../../test-results/accessibility-authenticate-6e1eb-ould-be-keyboard-accessible-chromium/test-failed-1.png
    ────────────────────────────────────────────────────────────────────────────────────────────────

    attachment #2: video (video/webm) ──────────────────────────────────────────────────────────────
    ../../test-results/accessibility-authenticate-6e1eb-ould-be-keyboard-accessible-chromium/video.webm
    ────────────────────────────────────────────────────────────────────────────────────────────────

    Error Context: ../../test-results/accessibility-authenticate-6e1eb-ould-be-keyboard-accessible-chromium/error-context.md
]]>
</failure>
<system-out>
<![CDATA[🔐 Authenticating as: admin@carrollton.gov
✓ Login page loaded
✓ Credentials entered
✓ Login form submitted
✓ Navigated to: http://localhost:3000/dashboard
✓ Authentication complete


[[ATTACHMENT|../../../test-results/accessibility-authenticate-6e1eb-ould-be-keyboard-accessible-chromium/test-failed-1.png]]

[[ATTACHMENT|../../../test-results/accessibility-authenticate-6e1eb-ould-be-keyboard-accessible-chromium/video.webm]]

[[ATTACHMENT|../../../test-results/accessibility-authenticate-6e1eb-ould-be-keyboard-accessible-chromium/error-context.md]]
]]>
</system-out>
</testcase>
<testcase name="Authenticated Accessibility Tests › Dashboard Navigation › dashboard should have proper landmark regions" classname="accessibility-authenticated.spec.ts" time="13.087">
<system-out>
<![CDATA[🔐 Authenticating as: admin@carrollton.gov
✓ Login page loaded
✓ Credentials entered
✓ Login form submitted
✓ Navigated to: http://localhost:3000/dashboard
✓ Authentication complete

]]>
</system-out>
</testcase>
<testcase name="Authenticated Accessibility Tests › Data Tables › users table should be accessible" classname="accessibility-authenticated.spec.ts" time="11.439">
<system-out>
<![CDATA[🔐 Authenticating as: admin@carrollton.gov
✓ Login page loaded
✓ Credentials entered
✓ Login form submitted
✓ Navigated to: http://localhost:3000/dashboard
✓ Authentication complete

]]>
</system-out>
</testcase>
</testsuite>
<testsuite name="accessibility.spec.ts" timestamp="2025-10-18T00:30:08.975Z" hostname="chromium" tests="22" failures="0" skipped="0" time="71.995" errors="0">
<testcase name="Accessibility Tests › Public Pages › login page should not have accessibility violations" classname="accessibility.spec.ts" time="4.168">
</testcase>
<testcase name="Accessibility Tests › Public Pages › signup page should not have accessibility violations" classname="accessibility.spec.ts" time="3.952">
</testcase>
<testcase name="Accessibility Tests › Dashboard Pages (Authenticated) › dashboard should not have accessibility violations" classname="accessibility.spec.ts" time="4.176">
</testcase>
<testcase name="Accessibility Tests › Dashboard Pages (Authenticated) › strategic plans page should not have accessibility violations" classname="accessibility.spec.ts" time="7.969">
</testcase>
<testcase name="Accessibility Tests › Dashboard Pages (Authenticated) › finance page should not have accessibility violations" classname="accessibility.spec.ts" time="7.957">
</testcase>
<testcase name="Accessibility Tests › Admin Pages › admin dashboard should not have accessibility violations" classname="accessibility.spec.ts" time="3.925">
</testcase>
<testcase name="Accessibility Tests › Admin Pages › users page should not have accessibility violations" classname="accessibility.spec.ts" time="6.94">
</testcase>
<testcase name="Accessibility Tests › Admin Pages › departments page should not have accessibility violations" classname="accessibility.spec.ts" time="6.891">
</testcase>
<testcase name="Accessibility Tests › Admin Pages › audit logs page should not have accessibility violations" classname="accessibility.spec.ts" time="4.762">
</testcase>
<testcase name="Accessibility Tests › Admin Pages › settings page should not have accessibility violations" classname="accessibility.spec.ts" time="4.729">
</testcase>
<testcase name="Accessibility Tests › Component-Specific Tests › forms should have proper labels and ARIA attributes" classname="accessibility.spec.ts" time="3.208">
</testcase>
<testcase name="Accessibility Tests › Component-Specific Tests › buttons should be keyboard accessible" classname="accessibility.spec.ts" time="1.926">
</testcase>
<testcase name="Accessibility Tests › Component-Specific Tests › links should be keyboard accessible" classname="accessibility.spec.ts" time="1.91">
</testcase>
<testcase name="Accessibility Tests › Color Contrast › text should meet WCAG AA contrast requirements" classname="accessibility.spec.ts" time="1.549">
</testcase>
<testcase name="Accessibility Tests › Keyboard Navigation › all interactive elements should be reachable by keyboard on login page" classname="accessibility.spec.ts" time="1.461">
</testcase>
<testcase name="Accessibility Tests › Keyboard Navigation › focus should be visible on all interactive elements" classname="accessibility.spec.ts" time="1.168">
</testcase>
<testcase name="Accessibility Tests › Screen Reader Support › images should have alt text" classname="accessibility.spec.ts" time="0.962">
</testcase>
<testcase name="Accessibility Tests › Screen Reader Support › page should have proper heading structure" classname="accessibility.spec.ts" time="1.052">
</testcase>
<testcase name="Accessibility Tests › Screen Reader Support › public pages should have proper landmark regions" classname="accessibility.spec.ts" time="0.955">
</testcase>
<testcase name="Accessibility Tests › Form Accessibility › form inputs should have labels" classname="accessibility.spec.ts" time="0.576">
</testcase>
<testcase name="Accessibility Tests › Form Accessibility › required fields should be properly marked" classname="accessibility.spec.ts" time="0.597">
</testcase>
<testcase name="Accessibility Tests › Form Accessibility › error messages should be associated with inputs" classname="accessibility.spec.ts" time="1.162">
</testcase>
</testsuite>
<testsuite name="auth.spec.ts" timestamp="2025-10-18T00:30:08.975Z" hostname="chromium" tests="8" failures="4" skipped="1" time="41.076" errors="0">
<testcase name="Authentication Flow › should display login page for unauthenticated users" classname="auth.spec.ts" time="5.512">
<failure message="auth.spec.ts:9:7 should display login page for unauthenticated users" type="FAILURE">
<![CDATA[  [chromium] › auth.spec.ts:9:7 › Authentication Flow › should display login page for unauthenticated users 

    Error: expect(page).toHaveURL(expected) failed

    Expected pattern: /\/login/
    Received string:  "http://localhost:3000/"
    Timeout: 5000ms

    Call log:
      - Expect "toHaveURL" with timeout 5000ms
        9 × unexpected value "http://localhost:3000/"


       8 |
       9 |   test('should display login page for unauthenticated users', async ({ page }) => {
    > 10 |     await expect(page).toHaveURL(/\/login/)
         |                        ^
      11 |     await expect(page.locator('h1')).toContainText(/sign in|login/i)
      12 |   })
      13 |
        at /Users/cchiancone/Desktop/Stratic Plan/testing/e2e/auth.spec.ts:10:24

    attachment #1: screenshot (image/png) ──────────────────────────────────────────────────────────
    ../../test-results/auth-Authentication-Flow-s-2b75c-e-for-unauthenticated-users-chromium/test-failed-1.png
    ────────────────────────────────────────────────────────────────────────────────────────────────

    attachment #2: video (video/webm) ──────────────────────────────────────────────────────────────
    ../../test-results/auth-Authentication-Flow-s-2b75c-e-for-unauthenticated-users-chromium/video.webm
    ────────────────────────────────────────────────────────────────────────────────────────────────

    Error Context: ../../test-results/auth-Authentication-Flow-s-2b75c-e-for-unauthenticated-users-chromium/error-context.md
]]>
</failure>
<system-out>
<![CDATA[
[[ATTACHMENT|../../../test-results/auth-Authentication-Flow-s-2b75c-e-for-unauthenticated-users-chromium/test-failed-1.png]]

[[ATTACHMENT|../../../test-results/auth-Authentication-Flow-s-2b75c-e-for-unauthenticated-users-chromium/video.webm]]

[[ATTACHMENT|../../../test-results/auth-Authentication-Flow-s-2b75c-e-for-unauthenticated-users-chromium/error-context.md]]
]]>
</system-out>
</testcase>
<testcase name="Authentication Flow › should show validation errors for invalid credentials" classname="auth.spec.ts" time="5.844">
<failure message="auth.spec.ts:14:7 should show validation errors for invalid credentials" type="FAILURE">
<![CDATA[  [chromium] › auth.spec.ts:14:7 › Authentication Flow › should show validation errors for invalid credentials 

    Error: expect(locator).toBeVisible() failed

    Locator: locator('text=required')
    Expected: visible
    Timeout: 5000ms
    Error: element(s) not found

    Call log:
      - Expect "toBeVisible" with timeout 5000ms
      - waiting for locator('text=required')


      19 |     
      20 |     // Should show validation errors
    > 21 |     await expect(page.locator('text=required')).toBeVisible()
         |                                                 ^
      22 |   })
      23 |
      24 |   test('should redirect to dashboard after successful login', async ({ page }) => {
        at /Users/cchiancone/Desktop/Stratic Plan/testing/e2e/auth.spec.ts:21:49

    attachment #1: screenshot (image/png) ──────────────────────────────────────────────────────────
    ../../test-results/auth-Authentication-Flow-s-df9de-ors-for-invalid-credentials-chromium/test-failed-1.png
    ────────────────────────────────────────────────────────────────────────────────────────────────

    attachment #2: video (video/webm) ──────────────────────────────────────────────────────────────
    ../../test-results/auth-Authentication-Flow-s-df9de-ors-for-invalid-credentials-chromium/video.webm
    ────────────────────────────────────────────────────────────────────────────────────────────────

    Error Context: ../../test-results/auth-Authentication-Flow-s-df9de-ors-for-invalid-credentials-chromium/error-context.md
]]>
</failure>
<system-out>
<![CDATA[
[[ATTACHMENT|../../../test-results/auth-Authentication-Flow-s-df9de-ors-for-invalid-credentials-chromium/test-failed-1.png]]

[[ATTACHMENT|../../../test-results/auth-Authentication-Flow-s-df9de-ors-for-invalid-credentials-chromium/video.webm]]

[[ATTACHMENT|../../../test-results/auth-Authentication-Flow-s-df9de-ors-for-invalid-credentials-chromium/error-context.md]]
]]>
</system-out>
</testcase>
<testcase name="Authentication Flow › should redirect to dashboard after successful login" classname="auth.spec.ts" time="5.82">
<failure message="auth.spec.ts:24:7 should redirect to dashboard after successful login" type="FAILURE">
<![CDATA[  [chromium] › auth.spec.ts:24:7 › Authentication Flow › should redirect to dashboard after successful login 

    TimeoutError: page.waitForURL: Timeout 5000ms exceeded.
    =========================== logs ===========================
    waiting for navigation until "load"
    ============================================================

      33 |     
      34 |     // Should redirect to dashboard (or 2FA if enabled)
    > 35 |     await page.waitForURL(/\/(dashboard|2fa-required)/, { timeout: 5000 })
         |                ^
      36 |   })
      37 |
      38 |   test('should allow navigation to signup page', async ({ page }) => {
        at /Users/cchiancone/Desktop/Stratic Plan/testing/e2e/auth.spec.ts:35:16

    attachment #1: screenshot (image/png) ──────────────────────────────────────────────────────────
    ../../test-results/auth-Authentication-Flow-s-3481d-oard-after-successful-login-chromium/test-failed-1.png
    ────────────────────────────────────────────────────────────────────────────────────────────────

    attachment #2: video (video/webm) ──────────────────────────────────────────────────────────────
    ../../test-results/auth-Authentication-Flow-s-3481d-oard-after-successful-login-chromium/video.webm
    ────────────────────────────────────────────────────────────────────────────────────────────────

    Error Context: ../../test-results/auth-Authentication-Flow-s-3481d-oard-after-successful-login-chromium/error-context.md
]]>
</failure>
<system-out>
<![CDATA[
[[ATTACHMENT|../../../test-results/auth-Authentication-Flow-s-3481d-oard-after-successful-login-chromium/test-failed-1.png]]

[[ATTACHMENT|../../../test-results/auth-Authentication-Flow-s-3481d-oard-after-successful-login-chromium/video.webm]]

[[ATTACHMENT|../../../test-results/auth-Authentication-Flow-s-3481d-oard-after-successful-login-chromium/error-context.md]]
]]>
</system-out>
</testcase>
<testcase name="Authentication Flow › should allow navigation to signup page" classname="auth.spec.ts" time="5.92">
<failure message="auth.spec.ts:38:7 should allow navigation to signup page" type="FAILURE">
<![CDATA[  [chromium] › auth.spec.ts:38:7 › Authentication Flow › should allow navigation to signup page ────

    Error: expect(locator).toContainText(expected) failed

    Locator: locator('h1')
    Expected pattern: /sign up|create account/i
    Received string:  "Strat Plan"
    Timeout: 5000ms

    Call log:
      - Expect "toContainText" with timeout 5000ms
      - waiting for locator('h1')
        9 × locator resolved to <h1 class="text-3xl font-bold text-gray-900">Strat Plan</h1>
          - unexpected value "Strat Plan"


      44 |     // Should navigate to signup page
      45 |     await expect(page).toHaveURL(/\/signup/)
    > 46 |     await expect(page.locator('h1')).toContainText(/sign up|create account/i)
         |                                      ^
      47 |   })
      48 |
      49 |   test('should logout successfully', async ({ page, context }) => {
        at /Users/cchiancone/Desktop/Stratic Plan/testing/e2e/auth.spec.ts:46:38

    attachment #1: screenshot (image/png) ──────────────────────────────────────────────────────────
    ../../test-results/auth-Authentication-Flow-s-61df4-w-navigation-to-signup-page-chromium/test-failed-1.png
    ────────────────────────────────────────────────────────────────────────────────────────────────

    attachment #2: video (video/webm) ──────────────────────────────────────────────────────────────
    ../../test-results/auth-Authentication-Flow-s-61df4-w-navigation-to-signup-page-chromium/video.webm
    ────────────────────────────────────────────────────────────────────────────────────────────────

    Error Context: ../../test-results/auth-Authentication-Flow-s-61df4-w-navigation-to-signup-page-chromium/error-context.md
]]>
</failure>
<system-out>
<![CDATA[
[[ATTACHMENT|../../../test-results/auth-Authentication-Flow-s-61df4-w-navigation-to-signup-page-chromium/test-failed-1.png]]

[[ATTACHMENT|../../../test-results/auth-Authentication-Flow-s-61df4-w-navigation-to-signup-page-chromium/video.webm]]

[[ATTACHMENT|../../../test-results/auth-Authentication-Flow-s-61df4-w-navigation-to-signup-page-chromium/error-context.md]]
]]>
</system-out>
</testcase>
<testcase name="Authentication Flow › should logout successfully" classname="auth.spec.ts" time="10.81">
</testcase>
<testcase name="Authentication Flow › should prevent access to protected routes when not authenticated" classname="auth.spec.ts" time="0.723">
</testcase>
<testcase name="Authentication Flow › should handle password visibility toggle" classname="auth.spec.ts" time="0.754">
</testcase>
<testcase name="Two-Factor Authentication › should prompt for 2FA code when enabled" classname="auth.spec.ts" time="5.693">
<properties>
<property name="skip" value="">
</property>
</properties>
<skipped>
</skipped>
</testcase>
</testsuite>
<testsuite name="accessibility-authenticated.spec.ts" timestamp="2025-10-18T00:30:08.975Z" hostname="firefox" tests="11" failures="7" skipped="0" time="61.798" errors="0">
<testcase name="Authenticated Accessibility Tests › Dashboard Pages › main dashboard should not have accessibility violations" classname="accessibility-authenticated.spec.ts" time="5.435">
<failure message="accessibility-authenticated.spec.ts:19:9 main dashboard should not have accessibility violations" type="FAILURE">
<![CDATA[  [firefox] › accessibility-authenticated.spec.ts:19:9 › Authenticated Accessibility Tests › Dashboard Pages › main dashboard should not have accessibility violations 

    Error: expect(received).toEqual(expected) // deep equality

    - Expected  -   1
    + Received  + 126

    - Array []
    + Array [
    +   Object {
    +     "description": "Ensure the contrast between foreground and background colors meets WCAG 2 AA minimum contrast ratio thresholds",
    +     "help": "Elements must meet minimum color contrast ratio thresholds",
    +     "helpUrl": "https://dequeuniversity.com/rules/axe/4.10/color-contrast?application=playwright",
    +     "id": "color-contrast",
    +     "impact": "serious",
    +     "nodes": Array [
    +       Object {
    +         "all": Array [],
    +         "any": Array [
    +           Object {
    +             "data": Object {
    +               "bgColor": "#eaedf0",
    +               "contrastRatio": 2.82,
    +               "expectedContrastRatio": "4.5:1",
    +               "fgColor": "#7890a5",
    +               "fontSize": "10.5pt (14px)",
    +               "fontWeight": "normal",
    +               "messageKey": null,
    +             },
    +             "id": "color-contrast",
    +             "impact": "serious",
    +             "message": "Element has insufficient color contrast of 2.82 (foreground color: #7890a5, background color: #eaedf0, font size: 10.5pt (14px), font weight: normal). Expected contrast ratio of 4.5:1",
    +             "relatedNodes": Array [
    +               Object {
    +                 "html": "<div role=\"tablist\" aria-orientation=\"horizontal\" class=\"inline-flex h-10 items-center justify-center rounded-md bg-muted p-1 text-muted-foreground\" tabindex=\"0\" data-orientation=\"horizontal\" style=\"outline:none\">",
    +                 "target": Array [
    +                   ".bg-muted",
    +                 ],
    +               },
    +             ],
    +           },
    +         ],
    +         "failureSummary": "Fix any of the following:
    +   Element has insufficient color contrast of 2.82 (foreground color: #7890a5, background color: #eaedf0, font size: 10.5pt (14px), font weight: normal). Expected contrast ratio of 4.5:1",
    +         "html": "<button type=\"button\" role=\"tab\" aria-selected=\"false\" aria-controls=\"radix-:R139uul7qj6:-content-insights\" data-state=\"inactive\" id=\"radix-:R139uul7qj6:-trigger-insights\" class=\"inline-flex items-center justify-center whitespace-nowrap rounded-sm px-3 py-1.5 text-sm font-medium ring-offset-background transition-all focus-visible:outline-none focus-visible:ring-2 focus-visible:ring-ring focus-visible:ring-offset-2 disabled:pointer-events-none disabled:opacity-50 data-[state=active]:bg-background data-[state=active]:text-foreground data-[state=active]:shadow-sm\" tabindex=\"-1\" data-orientation=\"horizontal\" data-radix-collection-item=\"\">",
    +         "impact": "serious",
    +         "none": Array [],
    +         "target": Array [
    +           "#radix-\\:R139uul7qj6\\:-trigger-insights",
    +         ],
    +       },
    +       Object {
    +         "all": Array [],
    +         "any": Array [
    +           Object {
    +             "data": Object {
    +               "bgColor": "#eaedf0",
    +               "contrastRatio": 2.82,
    +               "expectedContrastRatio": "4.5:1",
    +               "fgColor": "#7890a5",
    +               "fontSize": "10.5pt (14px)",
    +               "fontWeight": "normal",
    +               "messageKey": null,
    +             },
    +             "id": "color-contrast",
    +             "impact": "serious",
    +             "message": "Element has insufficient color contrast of 2.82 (foreground color: #7890a5, background color: #eaedf0, font size: 10.5pt (14px), font weight: normal). Expected contrast ratio of 4.5:1",
    +             "relatedNodes": Array [
    +               Object {
    +                 "html": "<div role=\"tablist\" aria-orientation=\"horizontal\" class=\"inline-flex h-10 items-center justify-center rounded-md bg-muted p-1 text-muted-foreground\" tabindex=\"0\" data-orientation=\"horizontal\" style=\"outline:none\">",
    +                 "target": Array [
    +                   ".bg-muted",
    +                 ],
    +               },
    +             ],
    +           },
    +         ],
    +         "failureSummary": "Fix any of the following:
    +   Element has insufficient color contrast of 2.82 (foreground color: #7890a5, background color: #eaedf0, font size: 10.5pt (14px), font weight: normal). Expected contrast ratio of 4.5:1",
    +         "html": "<button type=\"button\" role=\"tab\" aria-selected=\"false\" aria-controls=\"radix-:R139uul7qj6:-content-trends\" data-state=\"inactive\" id=\"radix-:R139uul7qj6:-trigger-trends\" class=\"inline-flex items-center justify-center whitespace-nowrap rounded-sm px-3 py-1.5 text-sm font-medium ring-offset-background transition-all focus-visible:outline-none focus-visible:ring-2 focus-visible:ring-ring focus-visible:ring-offset-2 disabled:pointer-events-none disabled:opacity-50 data-[state=active]:bg-background data-[state=active]:text-foreground data-[state=active]:shadow-sm\" tabindex=\"-1\" data-orientation=\"horizontal\" data-radix-collection-item=\"\">",
    +         "impact": "serious",
    +         "none": Array [],
    +         "target": Array [
    +           "#radix-\\:R139uul7qj6\\:-trigger-trends",
    +         ],
    +       },
    +       Object {
    +         "all": Array [],
    +         "any": Array [
    +           Object {
    +             "data": Object {
    +               "bgColor": "#eaedf0",
    +               "contrastRatio": 2.82,
    +               "expectedContrastRatio": "4.5:1",
    +               "fgColor": "#7890a5",
    +               "fontSize": "10.5pt (14px)",
    +               "fontWeight": "normal",
    +               "messageKey": null,
    +             },
    +             "id": "color-contrast",
    +             "impact": "serious",
    +             "message": "Element has insufficient color contrast of 2.82 (foreground color: #7890a5, background color: #eaedf0, font size: 10.5pt (14px), font weight: normal). Expected contrast ratio of 4.5:1",
[...]
<testcase name="Accessibility Tests › Screen Reader Support › public pages should have proper landmark regions" classname="accessibility.spec.ts" time="0.95">
<failure message="accessibility.spec.ts:268:9 public pages should have proper landmark regions" type="FAILURE">
<![CDATA[  [Mobile Safari] › accessibility.spec.ts:268:9 › Accessibility Tests › Screen Reader Support › public pages should have proper landmark regions 

    Error: expect(received).toBeGreaterThan(expected)

    Expected: > 0
    Received:   0

      272 |       // Check that page has basic structure
      273 |       const main = await page.locator('main, [role="main"]').count()
    > 274 |       expect(main).toBeGreaterThan(0)
          |                    ^
      275 |       
      276 |       const accessibilityScanResults = await new AxeBuilder({ page })
      277 |         .withTags(['best-practice'])
        at /Users/cchiancone/Desktop/Stratic Plan/testing/e2e/accessibility.spec.ts:274:20

    attachment #1: screenshot (image/png) ──────────────────────────────────────────────────────────
    ../../test-results/accessibility-Accessibilit-40413-ave-proper-landmark-regions-Mobile-Safari/test-failed-1.png
    ────────────────────────────────────────────────────────────────────────────────────────────────

    attachment #2: video (video/webm) ──────────────────────────────────────────────────────────────
    ../../test-results/accessibility-Accessibilit-40413-ave-proper-landmark-regions-Mobile-Safari/video.webm
    ────────────────────────────────────────────────────────────────────────────────────────────────

    Error Context: ../../test-results/accessibility-Accessibilit-40413-ave-proper-landmark-regions-Mobile-Safari/error-context.md
]]>
</failure>
<system-out>
<![CDATA[
[[ATTACHMENT|../../../test-results/accessibility-Accessibilit-40413-ave-proper-landmark-regions-Mobile-Safari/test-failed-1.png]]

[[ATTACHMENT|../../../test-results/accessibility-Accessibilit-40413-ave-proper-landmark-regions-Mobile-Safari/video.webm]]

[[ATTACHMENT|../../../test-results/accessibility-Accessibilit-40413-ave-proper-landmark-regions-Mobile-Safari/error-context.md]]
]]>
</system-out>
</testcase>
<testcase name="Accessibility Tests › Form Accessibility › form inputs should have labels" classname="accessibility.spec.ts" time="0.69">
</testcase>
<testcase name="Accessibility Tests › Form Accessibility › required fields should be properly marked" classname="accessibility.spec.ts" time="0.65">
</testcase>
<testcase name="Accessibility Tests › Form Accessibility › error messages should be associated with inputs" classname="accessibility.spec.ts" time="30.052">
<failure message="accessibility.spec.ts:328:9 error messages should be associated with inputs" type="FAILURE">
<![CDATA[  [Mobile Safari] › accessibility.spec.ts:328:9 › Accessibility Tests › Form Accessibility › error messages should be associated with inputs 

    Test timeout of 30000ms exceeded.

    Error: page.click: Test timeout of 30000ms exceeded.
    Call log:
      - waiting for locator('button[type="submit"]')


      330 |       
      331 |       // Submit form with empty fields to trigger errors
    > 332 |       await page.click('button[type="submit"]')
          |                  ^
      333 |       await page.waitForTimeout(500)
      334 |       
      335 |       const accessibilityScanResults = await new AxeBuilder({ page })
        at /Users/cchiancone/Desktop/Stratic Plan/testing/e2e/accessibility.spec.ts:332:18

    attachment #1: screenshot (image/png) ──────────────────────────────────────────────────────────
    ../../test-results/accessibility-Accessibilit-e3e59-d-be-associated-with-inputs-Mobile-Safari/test-failed-1.png
    ────────────────────────────────────────────────────────────────────────────────────────────────

    attachment #2: video (video/webm) ──────────────────────────────────────────────────────────────
    ../../test-results/accessibility-Accessibilit-e3e59-d-be-associated-with-inputs-Mobile-Safari/video.webm
    ────────────────────────────────────────────────────────────────────────────────────────────────

    Error Context: ../../test-results/accessibility-Accessibilit-e3e59-d-be-associated-with-inputs-Mobile-Safari/error-context.md
]]>
</failure>
<system-out>
<![CDATA[
[[ATTACHMENT|../../../test-results/accessibility-Accessibilit-e3e59-d-be-associated-with-inputs-Mobile-Safari/test-failed-1.png]]

[[ATTACHMENT|../../../test-results/accessibility-Accessibilit-e3e59-d-be-associated-with-inputs-Mobile-Safari/video.webm]]

[[ATTACHMENT|../../../test-results/accessibility-Accessibilit-e3e59-d-be-associated-with-inputs-Mobile-Safari/error-context.md]]
]]>
</system-out>
</testcase>
</testsuite>
<testsuite name="auth.spec.ts" timestamp="2025-10-18T00:30:08.975Z" hostname="Mobile Safari" tests="8" failures="7" skipped="0" time="161.904" errors="0">
<testcase name="Authentication Flow › should display login page for unauthenticated users" classname="auth.spec.ts" time="5.614">
<failure message="auth.spec.ts:9:7 should display login page for unauthenticated users" type="FAILURE">
<![CDATA[  [Mobile Safari] › auth.spec.ts:9:7 › Authentication Flow › should display login page for unauthenticated users 

    Error: expect(page).toHaveURL(expected) failed

    Expected pattern: /\/login/
    Received string:  "http://localhost:3000/"
    Timeout: 5000ms

    Call log:
      - Expect "toHaveURL" with timeout 5000ms
        9 × unexpected value "http://localhost:3000/"


       8 |
       9 |   test('should display login page for unauthenticated users', async ({ page }) => {
    > 10 |     await expect(page).toHaveURL(/\/login/)
         |                        ^
      11 |     await expect(page.locator('h1')).toContainText(/sign in|login/i)
      12 |   })
      13 |
        at /Users/cchiancone/Desktop/Stratic Plan/testing/e2e/auth.spec.ts:10:24

    attachment #1: screenshot (image/png) ──────────────────────────────────────────────────────────
    ../../test-results/auth-Authentication-Flow-s-2b75c-e-for-unauthenticated-users-Mobile-Safari/test-failed-1.png
    ────────────────────────────────────────────────────────────────────────────────────────────────

    attachment #2: video (video/webm) ──────────────────────────────────────────────────────────────
    ../../test-results/auth-Authentication-Flow-s-2b75c-e-for-unauthenticated-users-Mobile-Safari/video.webm
    ────────────────────────────────────────────────────────────────────────────────────────────────

    Error Context: ../../test-results/auth-Authentication-Flow-s-2b75c-e-for-unauthenticated-users-Mobile-Safari/error-context.md
]]>
</failure>
<system-out>
<![CDATA[
[[ATTACHMENT|../../../test-results/auth-Authentication-Flow-s-2b75c-e-for-unauthenticated-users-Mobile-Safari/test-failed-1.png]]

[[ATTACHMENT|../../../test-results/auth-Authentication-Flow-s-2b75c-e-for-unauthenticated-users-Mobile-Safari/video.webm]]

[[ATTACHMENT|../../../test-results/auth-Authentication-Flow-s-2b75c-e-for-unauthenticated-users-Mobile-Safari/error-context.md]]
]]>
</system-out>
</testcase>
<testcase name="Authentication Flow › should show validation errors for invalid credentials" classname="auth.spec.ts" time="30.043">
<failure message="auth.spec.ts:14:7 should show validation errors for invalid credentials" type="FAILURE">
<![CDATA[  [Mobile Safari] › auth.spec.ts:14:7 › Authentication Flow › should show validation errors for invalid credentials 

    Test timeout of 30000ms exceeded.

    Error: page.click: Test timeout of 30000ms exceeded.
    Call log:
      - waiting for locator('button[type="submit"]')


      16 |     
      17 |     // Submit empty form
    > 18 |     await page.click('button[type="submit"]')
         |                ^
      19 |     
      20 |     // Should show validation errors
      21 |     await expect(page.locator('text=required')).toBeVisible()
        at /Users/cchiancone/Desktop/Stratic Plan/testing/e2e/auth.spec.ts:18:16

    attachment #1: screenshot (image/png) ──────────────────────────────────────────────────────────
    ../../test-results/auth-Authentication-Flow-s-df9de-ors-for-invalid-credentials-Mobile-Safari/test-failed-1.png
    ────────────────────────────────────────────────────────────────────────────────────────────────

    attachment #2: video (video/webm) ──────────────────────────────────────────────────────────────
    ../../test-results/auth-Authentication-Flow-s-df9de-ors-for-invalid-credentials-Mobile-Safari/video.webm
    ────────────────────────────────────────────────────────────────────────────────────────────────

    Error Context: ../../test-results/auth-Authentication-Flow-s-df9de-ors-for-invalid-credentials-Mobile-Safari/error-context.md
]]>
</failure>
<system-out>
<![CDATA[
[[ATTACHMENT|../../../test-results/auth-Authentication-Flow-s-df9de-ors-for-invalid-credentials-Mobile-Safari/test-failed-1.png]]

[[ATTACHMENT|../../../test-results/auth-Authentication-Flow-s-df9de-ors-for-invalid-credentials-Mobile-Safari/video.webm]]

[[ATTACHMENT|../../../test-results/auth-Authentication-Flow-s-df9de-ors-for-invalid-credentials-Mobile-Safari/error-context.md]]
]]>
</system-out>
</testcase>
<testcase name="Authentication Flow › should redirect to dashboard after successful login" classname="auth.spec.ts" time="30.062">
<failure message="auth.spec.ts:24:7 should redirect to dashboard after successful login" type="FAILURE">
<![CDATA[  [Mobile Safari] › auth.spec.ts:24:7 › Authentication Flow › should redirect to dashboard after successful login 

    Test timeout of 30000ms exceeded.

    Error: page.fill: Test timeout of 30000ms exceeded.
    Call log:
      - waiting for locator('input[name="email"]')


      26 |     
      27 |     // Fill in credentials (use test user credentials)
    > 28 |     await page.fill('input[name="email"]', 'test@example.com')
         |                ^
      29 |     await page.fill('input[name="password"]', 'TestPassword123!')
      30 |     
      31 |     // Submit form
        at /Users/cchiancone/Desktop/Stratic Plan/testing/e2e/auth.spec.ts:28:16

    attachment #1: screenshot (image/png) ──────────────────────────────────────────────────────────
    ../../test-results/auth-Authentication-Flow-s-3481d-oard-after-successful-login-Mobile-Safari/test-failed-1.png
    ────────────────────────────────────────────────────────────────────────────────────────────────

    attachment #2: video (video/webm) ──────────────────────────────────────────────────────────────
    ../../test-results/auth-Authentication-Flow-s-3481d-oard-after-successful-login-Mobile-Safari/video.webm
    ────────────────────────────────────────────────────────────────────────────────────────────────

    Error Context: ../../test-results/auth-Authentication-Flow-s-3481d-oard-after-successful-login-Mobile-Safari/error-context.md
]]>
</failure>
<system-out>
<![CDATA[
[[ATTACHMENT|../../../test-results/auth-Authentication-Flow-s-3481d-oard-after-successful-login-Mobile-Safari/test-failed-1.png]]

[[ATTACHMENT|../../../test-results/auth-Authentication-Flow-s-3481d-oard-after-successful-login-Mobile-Safari/video.webm]]

[[ATTACHMENT|../../../test-results/auth-Authentication-Flow-s-3481d-oard-after-successful-login-Mobile-Safari/error-context.md]]
]]>
</system-out>
</testcase>
<testcase name="Authentication Flow › should allow navigation to signup page" classname="auth.spec.ts" time="30.03">
<failure message="auth.spec.ts:38:7 should allow navigation to signup page" type="FAILURE">
<![CDATA[  [Mobile Safari] › auth.spec.ts:38:7 › Authentication Flow › should allow navigation to signup page 

    Test timeout of 30000ms exceeded.

    Error: page.click: Test timeout of 30000ms exceeded.
    Call log:
      - waiting for locator('text=/sign up|create account/i')


      40 |     
      41 |     // Click signup link
    > 42 |     await page.click('text=/sign up|create account/i')
         |                ^
      43 |     
      44 |     // Should navigate to signup page
      45 |     await expect(page).toHaveURL(/\/signup/)
        at /Users/cchiancone/Desktop/Stratic Plan/testing/e2e/auth.spec.ts:42:16

    attachment #1: screenshot (image/png) ──────────────────────────────────────────────────────────
    ../../test-results/auth-Authentication-Flow-s-61df4-w-navigation-to-signup-page-Mobile-Safari/test-failed-1.png
    ────────────────────────────────────────────────────────────────────────────────────────────────

    attachment #2: video (video/webm) ──────────────────────────────────────────────────────────────
    ../../test-results/auth-Authentication-Flow-s-61df4-w-navigation-to-signup-page-Mobile-Safari/video.webm
    ────────────────────────────────────────────────────────────────────────────────────────────────

    Error Context: ../../test-results/auth-Authentication-Flow-s-61df4-w-navigation-to-signup-page-Mobile-Safari/error-context.md
]]>
</failure>
<system-out>
<![CDATA[
[[ATTACHMENT|../../../test-results/auth-Authentication-Flow-s-61df4-w-navigation-to-signup-page-Mobile-Safari/test-failed-1.png]]

[[ATTACHMENT|../../../test-results/auth-Authentication-Flow-s-61df4-w-navigation-to-signup-page-Mobile-Safari/video.webm]]

[[ATTACHMENT|../../../test-results/auth-Authentication-Flow-s-61df4-w-navigation-to-signup-page-Mobile-Safari/error-context.md]]
]]>
</system-out>
</testcase>
<testcase name="Authentication Flow › should logout successfully" classname="auth.spec.ts" time="30.03">
<failure message="auth.spec.ts:49:7 should logout successfully" type="FAILURE">
<![CDATA[  [Mobile Safari] › auth.spec.ts:49:7 › Authentication Flow › should logout successfully ───────────

    Test timeout of 30000ms exceeded.

    Error: page.fill: Test timeout of 30000ms exceeded.
    Call log:
      - waiting for locator('input[name="email"]')


      50 |     // Login first
      51 |     await page.goto('/login')
    > 52 |     await page.fill('input[name="email"]', 'test@example.com')
         |                ^
      53 |     await page.fill('input[name="password"]', 'TestPassword123!')
      54 |     await page.click('button[type="submit"]')
      55 |     
        at /Users/cchiancone/Desktop/Stratic Plan/testing/e2e/auth.spec.ts:52:16

    attachment #1: screenshot (image/png) ──────────────────────────────────────────────────────────
    ../../test-results/auth-Authentication-Flow-should-logout-successfully-Mobile-Safari/test-failed-1.png
    ────────────────────────────────────────────────────────────────────────────────────────────────

    attachment #2: video (video/webm) ──────────────────────────────────────────────────────────────
    ../../test-results/auth-Authentication-Flow-should-logout-successfully-Mobile-Safari/video.webm
    ────────────────────────────────────────────────────────────────────────────────────────────────

    Error Context: ../../test-results/auth-Authentication-Flow-should-logout-successfully-Mobile-Safari/error-context.md
]]>
</failure>
<system-out>
<![CDATA[
[[ATTACHMENT|../../../test-results/auth-Authentication-Flow-should-logout-successfully-Mobile-Safari/test-failed-1.png]]

[[ATTACHMENT|../../../test-results/auth-Authentication-Flow-should-logout-successfully-Mobile-Safari/video.webm]]

[[ATTACHMENT|../../../test-results/auth-Authentication-Flow-should-logout-successfully-Mobile-Safari/error-context.md]]
]]>
</system-out>
</testcase>
<testcase name="Authentication Flow › should prevent access to protected routes when not authenticated" classname="auth.spec.ts" time="0.488">
</testcase>
<testcase name="Authentication Flow › should handle password visibility toggle" classname="auth.spec.ts" time="5.589">
<failure message="auth.spec.ts:82:7 should handle password visibility toggle" type="FAILURE">
<![CDATA[  [Mobile Safari] › auth.spec.ts:82:7 › Authentication Flow › should handle password visibility toggle 

    Error: expect(locator).toHaveAttribute(expected) failed

    Locator: locator('input[name="password"]')
    Expected: "password"
    Timeout: 5000ms
    Error: element(s) not found

    Call log:
      - Expect "toHaveAttribute" with timeout 5000ms
      - waiting for locator('input[name="password"]')


      87 |     
      88 |     // Password field should be type="password" initially
    > 89 |     await expect(passwordInput).toHaveAttribute('type', 'password')
         |                                 ^
      90 |     
      91 |     // Toggle visibility if button exists
      92 |     if (await toggleButton.count() > 0) {
        at /Users/cchiancone/Desktop/Stratic Plan/testing/e2e/auth.spec.ts:89:33

    attachment #1: screenshot (image/png) ──────────────────────────────────────────────────────────
    ../../test-results/auth-Authentication-Flow-s-23bb4--password-visibility-toggle-Mobile-Safari/test-failed-1.png
    ────────────────────────────────────────────────────────────────────────────────────────────────

    attachment #2: video (video/webm) ──────────────────────────────────────────────────────────────
    ../../test-results/auth-Authentication-Flow-s-23bb4--password-visibility-toggle-Mobile-Safari/video.webm
    ────────────────────────────────────────────────────────────────────────────────────────────────

    Error Context: ../../test-results/auth-Authentication-Flow-s-23bb4--password-visibility-toggle-Mobile-Safari/error-context.md
]]>
</failure>
<system-out>
<![CDATA[
[[ATTACHMENT|../../../test-results/auth-Authentication-Flow-s-23bb4--password-visibility-toggle-Mobile-Safari/test-failed-1.png]]

[[ATTACHMENT|../../../test-results/auth-Authentication-Flow-s-23bb4--password-visibility-toggle-Mobile-Safari/video.webm]]

[[ATTACHMENT|../../../test-results/auth-Authentication-Flow-s-23bb4--password-visibility-toggle-Mobile-Safari/error-context.md]]
]]>
</system-out>
</testcase>
<testcase name="Two-Factor Authentication › should prompt for 2FA code when enabled" classname="auth.spec.ts" time="30.048">
<failure message="auth.spec.ts:104:7 should prompt for 2FA code when enabled" type="FAILURE">
<![CDATA[  [Mobile Safari] › auth.spec.ts:104:7 › Two-Factor Authentication › should prompt for 2FA code when enabled 

    Test timeout of 30000ms exceeded.

    Error: page.fill: Test timeout of 30000ms exceeded.
    Call log:
      - waiting for locator('input[name="email"]')


      107 |     
      108 |     // Login with 2FA-enabled user
    > 109 |     await page.fill('input[name="email"]', '2fa-user@example.com')
          |                ^
      110 |     await page.fill('input[name="password"]', 'TestPassword123!')
      111 |     await page.click('button[type="submit"]')
      112 |     
        at /Users/cchiancone/Desktop/Stratic Plan/testing/e2e/auth.spec.ts:109:16

    attachment #1: screenshot (image/png) ──────────────────────────────────────────────────────────
    ../../test-results/auth-Two-Factor-Authentica-3b21d-t-for-2FA-code-when-enabled-Mobile-Safari/test-failed-1.png
    ────────────────────────────────────────────────────────────────────────────────────────────────

    attachment #2: video (video/webm) ──────────────────────────────────────────────────────────────
    ../../test-results/auth-Two-Factor-Authentica-3b21d-t-for-2FA-code-when-enabled-Mobile-Safari/video.webm
    ────────────────────────────────────────────────────────────────────────────────────────────────

    Error Context: ../../test-results/auth-Two-Factor-Authentica-3b21d-t-for-2FA-code-when-enabled-Mobile-Safari/error-context.md
]]>
</failure>
<system-out>
<![CDATA[
[[ATTACHMENT|../../../test-results/auth-Two-Factor-Authentica-3b21d-t-for-2FA-code-when-enabled-Mobile-Safari/test-failed-1.png]]

[[ATTACHMENT|../../../test-results/auth-Two-Factor-Authentica-3b21d-t-for-2FA-code-when-enabled-Mobile-Safari/video.webm]]

[[ATTACHMENT|../../../test-results/auth-Two-Factor-Authentica-3b21d-t-for-2FA-code-when-enabled-Mobile-Safari/error-context.md]]
]]>
</system-out>
</testcase>
</testsuite>
</testsuites>